<?xml version="1.0" encoding="UTF-8"?>
<!-- Generated by org.testng.reporters.JUnitXMLReporter -->
<testsuite ignored="3" hostname="shibinashibin" failures="0" tests="1" name="Default test" time="21.596" errors="0" timestamp="2024-01-25T18:04:04 GMT">
  <testcase classname="projecttest.itemtest" name="UpdateItem" time="8.442"/>
  <testcase classname="projecttest.itemtest" name="DeleteItem" time="0.0">
    <ignored/>
  </testcase> <!-- DeleteItem -->
  <testcase classname="projecttest.itemtest" name="additem" time="0.0">
    <ignored/>
  </testcase> <!-- additem -->
  <testcase classname="projecttest.itemtest" name="searchitem" time="0.0">
    <ignored/>
  </testcase> <!-- searchitem -->
</testsuite> <!-- Default test -->
